  main.cpp
c:\users\che\desktop\##courses##\game\finalproject\halfway\nyucodebase\main.cpp(141): warning C4305: 'initializing' : truncation from 'double' to 'GLfloat'
c:\users\che\desktop\##courses##\game\finalproject\halfway\nyucodebase\main.cpp(145): warning C4305: 'initializing' : truncation from 'double' to 'GLfloat'
c:\users\che\desktop\##courses##\game\finalproject\halfway\nyucodebase\main.cpp(192): warning C4305: 'initializing' : truncation from 'double' to 'float'
c:\users\che\desktop\##courses##\game\finalproject\halfway\nyucodebase\main.cpp(193): warning C4305: 'initializing' : truncation from 'double' to 'float'
c:\users\che\desktop\##courses##\game\finalproject\halfway\nyucodebase\main.cpp(196): warning C4305: 'initializing' : truncation from 'double' to 'float'
c:\users\che\desktop\##courses##\game\finalproject\halfway\nyucodebase\main.cpp(197): warning C4305: 'initializing' : truncation from 'double' to 'float'
c:\users\che\desktop\##courses##\game\finalproject\halfway\nyucodebase\main.cpp(202): warning C4305: 'initializing' : truncation from 'double' to 'float'
c:\users\che\desktop\##courses##\game\finalproject\halfway\nyucodebase\main.cpp(203): warning C4305: 'initializing' : truncation from 'double' to 'float'
c:\users\che\desktop\##courses##\game\finalproject\halfway\nyucodebase\main.cpp(206): warning C4305: 'initializing' : truncation from 'double' to 'float'
c:\users\che\desktop\##courses##\game\finalproject\halfway\nyucodebase\main.cpp(208): warning C4305: 'initializing' : truncation from 'double' to 'float'
c:\users\che\desktop\##courses##\game\finalproject\halfway\nyucodebase\main.cpp(210): warning C4305: 'initializing' : truncation from 'double' to 'float'
c:\users\che\desktop\##courses##\game\finalproject\halfway\nyucodebase\main.cpp(212): warning C4305: 'initializing' : truncation from 'double' to 'float'
c:\users\che\desktop\##courses##\game\finalproject\halfway\nyucodebase\main.cpp(214): warning C4305: 'initializing' : truncation from 'double' to 'float'
c:\users\che\desktop\##courses##\game\finalproject\halfway\nyucodebase\main.cpp(215): warning C4305: 'initializing' : truncation from 'double' to 'float'
c:\users\che\desktop\##courses##\game\finalproject\halfway\nyucodebase\main.cpp(219): warning C4305: 'initializing' : truncation from 'double' to 'float'
c:\users\che\desktop\##courses##\game\finalproject\halfway\nyucodebase\main.cpp(221): warning C4305: 'initializing' : truncation from 'double' to 'float'
c:\users\che\desktop\##courses##\game\finalproject\halfway\nyucodebase\main.cpp(224): warning C4305: 'initializing' : truncation from 'double' to 'float'
c:\users\che\desktop\##courses##\game\finalproject\halfway\nyucodebase\main.cpp(225): warning C4305: 'initializing' : truncation from 'double' to 'float'
c:\users\che\desktop\##courses##\game\finalproject\halfway\nyucodebase\main.cpp(229): warning C4305: 'initializing' : truncation from 'double' to 'float'
c:\users\che\desktop\##courses##\game\finalproject\halfway\nyucodebase\main.cpp(231): warning C4305: 'initializing' : truncation from 'double' to 'float'
c:\users\che\desktop\##courses##\game\finalproject\halfway\nyucodebase\main.cpp(232): warning C4305: 'initializing' : truncation from 'double' to 'float'
c:\users\che\desktop\##courses##\game\finalproject\halfway\nyucodebase\main.cpp(236): warning C4305: 'initializing' : truncation from 'double' to 'float'
c:\users\che\desktop\##courses##\game\finalproject\halfway\nyucodebase\main.cpp(251): warning C4305: 'argument' : truncation from 'double' to 'float'
c:\users\che\desktop\##courses##\game\finalproject\halfway\nyucodebase\main.cpp(252): warning C4305: 'argument' : truncation from 'double' to 'float'
c:\users\che\desktop\##courses##\game\finalproject\halfway\nyucodebase\main.cpp(705): warning C4244: 'argument' : conversion from 'double' to 'float', possible loss of data
c:\users\che\desktop\##courses##\game\finalproject\halfway\nyucodebase\main.cpp(712): warning C4305: '=' : truncation from 'double' to 'float'
c:\users\che\desktop\##courses##\game\finalproject\halfway\nyucodebase\main.cpp(722): warning C4244: '+=' : conversion from 'double' to 'float', possible loss of data
c:\users\che\desktop\##courses##\game\finalproject\halfway\nyucodebase\main.cpp(723): warning C4244: '+=' : conversion from 'double' to 'float', possible loss of data
c:\users\che\desktop\##courses##\game\finalproject\halfway\nyucodebase\main.cpp(737): warning C4305: '=' : truncation from 'double' to 'float'
c:\users\che\desktop\##courses##\game\finalproject\halfway\nyucodebase\main.cpp(747): warning C4244: '+=' : conversion from 'double' to 'float', possible loss of data
c:\users\che\desktop\##courses##\game\finalproject\halfway\nyucodebase\main.cpp(748): warning C4244: '+=' : conversion from 'double' to 'float', possible loss of data
c:\users\che\desktop\##courses##\game\finalproject\halfway\nyucodebase\main.cpp(763): warning C4305: '=' : truncation from 'double' to 'float'
c:\users\che\desktop\##courses##\game\finalproject\halfway\nyucodebase\main.cpp(1019): warning C4244: 'initializing' : conversion from 'double' to 'GLfloat', possible loss of data
c:\users\che\desktop\##courses##\game\finalproject\halfway\nyucodebase\main.cpp(1022): warning C4305: 'initializing' : truncation from 'double' to 'GLfloat'
c:\users\che\desktop\##courses##\game\finalproject\halfway\nyucodebase\main.cpp(1046): warning C4244: 'initializing' : conversion from 'double' to 'GLfloat', possible loss of data
c:\users\che\desktop\##courses##\game\finalproject\halfway\nyucodebase\main.cpp(1049): warning C4305: 'initializing' : truncation from 'double' to 'GLfloat'
c:\users\che\desktop\##courses##\game\finalproject\halfway\nyucodebase\main.cpp(1136): warning C4305: 'argument' : truncation from 'double' to 'float'
c:\users\che\desktop\##courses##\game\finalproject\halfway\nyucodebase\main.cpp(1137): warning C4305: 'argument' : truncation from 'double' to 'float'
c:\users\che\desktop\##courses##\game\finalproject\halfway\nyucodebase\main.cpp(1139): warning C4305: '=' : truncation from 'double' to 'float'
c:\users\che\desktop\##courses##\game\finalproject\halfway\nyucodebase\main.cpp(1140): warning C4305: '=' : truncation from 'double' to 'float'
c:\users\che\desktop\##courses##\game\finalproject\halfway\nyucodebase\main.cpp(1155): warning C4305: '=' : truncation from 'double' to 'float'
c:\users\che\desktop\##courses##\game\finalproject\halfway\nyucodebase\main.cpp(1156): warning C4305: '=' : truncation from 'double' to 'float'
c:\users\che\desktop\##courses##\game\finalproject\halfway\nyucodebase\main.cpp(1204): warning C4101: 'e' : unreferenced local variable
c:\users\che\desktop\##courses##\game\finalproject\halfway\nyucodebase\main.cpp(1232): warning C4305: 'initializing' : truncation from 'double' to 'float'
c:\users\che\desktop\##courses##\game\finalproject\halfway\nyucodebase\main.cpp(1241): warning C4305: 'initializing' : truncation from 'double' to 'float'
c:\users\che\desktop\##courses##\game\finalproject\halfway\nyucodebase\main.cpp(1249): warning C4018: '>=' : signed/unsigned mismatch
c:\users\che\desktop\##courses##\game\finalproject\halfway\nyucodebase\main.cpp(1251): warning C4018: '<' : signed/unsigned mismatch
c:\users\che\desktop\##courses##\game\finalproject\halfway\nyucodebase\main.cpp(1258): warning C4244: 'argument' : conversion from 'int' to 'float', possible loss of data
c:\users\che\desktop\##courses##\game\finalproject\halfway\nyucodebase\main.cpp(1280): warning C4018: '>=' : signed/unsigned mismatch
c:\users\che\desktop\##courses##\game\finalproject\halfway\nyucodebase\main.cpp(1282): warning C4018: '<' : signed/unsigned mismatch
c:\users\che\desktop\##courses##\game\finalproject\halfway\nyucodebase\main.cpp(1287): warning C4244: 'argument' : conversion from 'int' to 'float', possible loss of data
c:\users\che\desktop\##courses##\game\finalproject\halfway\nyucodebase\main.cpp(1293): warning C4305: '=' : truncation from 'double' to 'float'
c:\users\che\desktop\##courses##\game\finalproject\halfway\nyucodebase\main.cpp(1310): warning C4018: '>=' : signed/unsigned mismatch
c:\users\che\desktop\##courses##\game\finalproject\halfway\nyucodebase\main.cpp(1312): warning C4018: '<' : signed/unsigned mismatch
c:\users\che\desktop\##courses##\game\finalproject\halfway\nyucodebase\main.cpp(1316): warning C4018: '<' : signed/unsigned mismatch
c:\users\che\desktop\##courses##\game\finalproject\halfway\nyucodebase\main.cpp(1323): warning C4244: 'argument' : conversion from 'int' to 'float', possible loss of data
c:\users\che\desktop\##courses##\game\finalproject\halfway\nyucodebase\main.cpp(1359): warning C4305: 'argument' : truncation from 'double' to 'float'
c:\users\che\desktop\##courses##\game\finalproject\halfway\nyucodebase\main.cpp(1362): warning C4305: '=' : truncation from 'double' to 'float'
c:\users\che\desktop\##courses##\game\finalproject\halfway\nyucodebase\main.cpp(1377): warning C4244: 'initializing' : conversion from 'int' to 'float', possible loss of data
c:\users\che\desktop\##courses##\game\finalproject\halfway\nyucodebase\main.cpp(1444): warning C4018: '>=' : signed/unsigned mismatch
c:\users\che\desktop\##courses##\game\finalproject\halfway\nyucodebase\main.cpp(1446): warning C4018: '<' : signed/unsigned mismatch
c:\users\che\desktop\##courses##\game\finalproject\halfway\nyucodebase\main.cpp(1453): warning C4244: 'argument' : conversion from 'int' to 'float', possible loss of data
c:\users\che\desktop\##courses##\game\finalproject\halfway\nyucodebase\main.cpp(1455): warning C4244: '=' : conversion from 'int' to 'float', possible loss of data
c:\users\che\desktop\##courses##\game\finalproject\halfway\nyucodebase\main.cpp(1474): warning C4018: '>=' : signed/unsigned mismatch
c:\users\che\desktop\##courses##\game\finalproject\halfway\nyucodebase\main.cpp(1476): warning C4018: '<' : signed/unsigned mismatch
c:\users\che\desktop\##courses##\game\finalproject\halfway\nyucodebase\main.cpp(1480): warning C4018: '<' : signed/unsigned mismatch
c:\users\che\desktop\##courses##\game\finalproject\halfway\nyucodebase\main.cpp(1484): warning C4244: 'argument' : conversion from 'int' to 'float', possible loss of data
c:\users\che\desktop\##courses##\game\finalproject\halfway\nyucodebase\main.cpp(1486): warning C4244: '=' : conversion from 'int' to 'float', possible loss of data
c:\users\che\desktop\##courses##\game\finalproject\halfway\nyucodebase\main.cpp(1504): warning C4244: 'argument' : conversion from 'int' to 'float', possible loss of data
c:\users\che\desktop\##courses##\game\finalproject\halfway\nyucodebase\main.cpp(1518): warning C4305: 'argument' : truncation from 'double' to 'float'
c:\users\che\desktop\##courses##\game\finalproject\halfway\nyucodebase\main.cpp(1519): warning C4244: '=' : conversion from 'int' to 'float', possible loss of data
c:\users\che\desktop\##courses##\game\finalproject\halfway\nyucodebase\main.cpp(1521): warning C4305: 'argument' : truncation from 'double' to 'float'
c:\users\che\desktop\##courses##\game\finalproject\halfway\nyucodebase\main.cpp(1545): warning C4305: 'argument' : truncation from 'double' to 'float'
c:\users\che\desktop\##courses##\game\finalproject\halfway\nyucodebase\main.cpp(1546): warning C4305: 'argument' : truncation from 'double' to 'float'
c:\users\che\desktop\##courses##\game\finalproject\halfway\nyucodebase\main.cpp(1551): warning C4305: 'argument' : truncation from 'double' to 'float'
c:\users\che\desktop\##courses##\game\finalproject\halfway\nyucodebase\main.cpp(1568): warning C4018: '>=' : signed/unsigned mismatch
c:\users\che\desktop\##courses##\game\finalproject\halfway\nyucodebase\main.cpp(1571): warning C4018: '<' : signed/unsigned mismatch
c:\users\che\desktop\##courses##\game\finalproject\halfway\nyucodebase\main.cpp(1575): warning C4244: 'argument' : conversion from 'int' to 'float', possible loss of data
c:\users\che\desktop\##courses##\game\finalproject\halfway\nyucodebase\main.cpp(1582): warning C4305: 'argument' : truncation from 'double' to 'float'
c:\users\che\desktop\##courses##\game\finalproject\halfway\nyucodebase\main.cpp(1584): warning C4305: 'argument' : truncation from 'double' to 'float'
c:\users\che\desktop\##courses##\game\finalproject\halfway\nyucodebase\main.cpp(1600): warning C4018: '>' : signed/unsigned mismatch
c:\users\che\desktop\##courses##\game\finalproject\halfway\nyucodebase\main.cpp(1608): warning C4018: '>' : signed/unsigned mismatch
c:\users\che\desktop\##courses##\game\finalproject\halfway\nyucodebase\main.cpp(1620): warning C4305: 'argument' : truncation from 'double' to 'float'
c:\users\che\desktop\##courses##\game\finalproject\halfway\nyucodebase\main.cpp(1819): warning C4305: 'initializing' : truncation from 'double' to 'float'
c:\users\che\desktop\##courses##\game\finalproject\halfway\nyucodebase\main.cpp(1866): warning C4305: 'initializing' : truncation from 'double' to 'float'
c:\users\che\desktop\##courses##\game\finalproject\halfway\nyucodebase\main.cpp(1956): warning C4244: 'argument' : conversion from 'int' to 'GLfloat', possible loss of data
c:\users\che\desktop\##courses##\game\finalproject\halfway\nyucodebase\main.cpp(1959): warning C4244: 'argument' : conversion from 'int' to 'GLfloat', possible loss of data
c:\users\che\desktop\##courses##\game\finalproject\halfway\nyucodebase\main.cpp(2017): warning C4018: '<' : signed/unsigned mismatch
c:\users\che\desktop\##courses##\game\finalproject\halfway\nyucodebase\main.cpp(2025): warning C4018: '<' : signed/unsigned mismatch
c:\users\che\desktop\##courses##\game\finalproject\halfway\nyucodebase\main.cpp(2033): warning C4018: '<' : signed/unsigned mismatch
c:\users\che\desktop\##courses##\game\finalproject\halfway\nyucodebase\main.cpp(2311): warning C4244: 'initializing' : conversion from 'int' to 'float', possible loss of data
c:\users\che\desktop\##courses##\game\finalproject\halfway\nyucodebase\main.cpp(2313): warning C4244: 'initializing' : conversion from 'double' to 'float', possible loss of data
c:\users\che\desktop\##courses##\game\finalproject\halfway\nyucodebase\main.cpp(2315): warning C4018: '<' : signed/unsigned mismatch
c:\users\che\desktop\##courses##\game\finalproject\halfway\nyucodebase\main.cpp(2323): warning C4018: '<' : signed/unsigned mismatch
c:\users\che\desktop\##courses##\game\finalproject\halfway\nyucodebase\main.cpp(2390): warning C4305: 'argument' : truncation from 'double' to 'float'
c:\users\che\desktop\##courses##\game\finalproject\halfway\nyucodebase\main.cpp(2430): warning C4305: 'argument' : truncation from 'double' to 'float'
c:\users\che\desktop\##courses##\game\finalproject\halfway\nyucodebase\main.cpp(2498): warning C4244: 'argument' : conversion from 'double' to 'float', possible loss of data
c:\users\che\desktop\##courses##\game\finalproject\halfway\nyucodebase\main.cpp(2499): warning C4305: 'argument' : truncation from 'double' to 'float'
c:\users\che\desktop\##courses##\game\finalproject\halfway\nyucodebase\main.cpp(2499): warning C4244: 'argument' : conversion from 'double' to 'float', possible loss of data
c:\users\che\desktop\##courses##\game\finalproject\halfway\nyucodebase\main.cpp(2500): warning C4305: 'argument' : truncation from 'double' to 'float'
c:\users\che\desktop\##courses##\game\finalproject\halfway\nyucodebase\main.cpp(2502): warning C4244: 'argument' : conversion from 'double' to 'float', possible loss of data
c:\users\che\desktop\##courses##\game\finalproject\halfway\nyucodebase\main.cpp(2503): warning C4305: 'argument' : truncation from 'double' to 'float'
c:\users\che\desktop\##courses##\game\finalproject\halfway\nyucodebase\main.cpp(2503): warning C4244: 'argument' : conversion from 'double' to 'float', possible loss of data
c:\users\che\desktop\##courses##\game\finalproject\halfway\nyucodebase\main.cpp(2504): warning C4305: 'argument' : truncation from 'double' to 'float'
c:\users\che\desktop\##courses##\game\finalproject\halfway\nyucodebase\main.cpp(2504): warning C4244: 'argument' : conversion from 'double' to 'float', possible loss of data
  NYUCodebase.vcxproj -> C:\Users\Che\Desktop\##Courses##\GAME\FINALPROJECT\halfway\Debug\NYUCodebase.exe
